<?xml version="1.0" encoding="UTF-8"?>
<testsuite xmlns:xsi="http://www.w3.org/2001/XMLSchema-instance" xsi:noNamespaceSchemaLocation="https://maven.apache.org/surefire/maven-surefire-plugin/xsd/surefire-test-report.xsd" name="com.iu.s1.RoyalMarketApplicationTests" time="4.872" tests="2" errors="0" skipped="0" failures="0">
  <properties>
[...]
</properties>
  <testcase name="test" classname="com.iu.s1.RoyalMarketApplicationTests" time="0.097"/>
  <testcase name="contextLoads" classname="com.iu.s1.RoyalMarketApplicationTests" time="0.002"/>
</testsuite>